<?xml version="1.0" encoding="UTF-8"?>
<testng-results ignored="0" total="9" passed="9" failed="0" skipped="0">
  <reporter-output>
  </reporter-output>
  <suite started-at="2026-01-13T19:45:51 IST" name="All Test Suite" finished-at="2026-01-13T19:49:16 IST" duration-ms="205184">
    <groups>
    </groups>
    <test started-at="2026-01-13T19:45:51 IST" name="Test" finished-at="2026-01-13T19:49:16 IST" duration-ms="205184">
      <class name="testsPackage.CheckBoxHeroku">
        <test-method is-config="true" signature="initBaseTest(org.testng.ITestContext)[pri:0, instance:testsPackage.CheckBoxHeroku@7d8995e]" started-at="2026-01-13T19:45:51 IST" name="initBaseTest" finished-at="2026-01-13T19:45:56 IST" duration-ms="5458" status="PASS">
          <params>
            <param index="0">
              <value>
                <![CDATA[org.testng.TestRunner@75120e58]]>
              </value>
            </param>
          </params>
          <reporter-output>
          </reporter-output>
        </test-method> <!-- initBaseTest -->
        <test-method signature="checkboxer()[pri:1, instance:testsPackage.CheckBoxHeroku@7d8995e]" started-at="2026-01-13T19:45:56 IST" name="checkboxer" finished-at="2026-01-13T19:46:19 IST" duration-ms="22272" status="PASS">
          <reporter-output>
          </reporter-output>
        </test-method> <!-- checkboxer -->
        <test-method is-config="true" signature="setcheck()[pri:0, instance:testsPackage.CheckBoxHeroku@7d8995e]" started-at="2026-01-13T19:45:56 IST" name="setcheck" finished-at="2026-01-13T19:45:56 IST" duration-ms="0" status="PASS">
          <reporter-output>
          </reporter-output>
        </test-method> <!-- setcheck -->
        <test-method signature="addelement()[pri:2, instance:testsPackage.CheckBoxHeroku@7d8995e]" started-at="2026-01-13T19:46:19 IST" name="addelement" finished-at="2026-01-13T19:46:35 IST" duration-ms="16821" status="PASS">
          <reporter-output>
          </reporter-output>
        </test-method> <!-- addelement -->
        <test-method signature="basicauthor()[pri:3, instance:testsPackage.CheckBoxHeroku@7d8995e]" started-at="2026-01-13T19:46:35 IST" name="basicauthor" finished-at="2026-01-13T19:46:49 IST" duration-ms="13234" status="PASS">
          <reporter-output>
          </reporter-output>
        </test-method> <!-- basicauthor -->
        <test-method signature="elemDisappear()[pri:4, instance:testsPackage.CheckBoxHeroku@7d8995e]" started-at="2026-01-13T19:46:49 IST" name="elemDisappear" finished-at="2026-01-13T19:47:10 IST" duration-ms="21410" status="PASS">
          <reporter-output>
          </reporter-output>
        </test-method> <!-- elemDisappear -->
        <test-method signature="authForm()[pri:5, instance:testsPackage.CheckBoxHeroku@7d8995e]" started-at="2026-01-13T19:47:10 IST" name="authForm" finished-at="2026-01-13T19:47:37 IST" duration-ms="27203" status="PASS">
          <reporter-output>
          </reporter-output>
        </test-method> <!-- authForm -->
        <test-method signature="ipForm()[pri:6, instance:testsPackage.CheckBoxHeroku@7d8995e]" started-at="2026-01-13T19:47:37 IST" name="ipForm" finished-at="2026-01-13T19:48:00 IST" duration-ms="22426" status="PASS">
          <reporter-output>
          </reporter-output>
        </test-method> <!-- ipForm -->
        <test-method signature="pgScroll()[pri:7, instance:testsPackage.CheckBoxHeroku@7d8995e]" started-at="2026-01-13T19:48:00 IST" name="pgScroll" finished-at="2026-01-13T19:48:26 IST" duration-ms="26468" status="PASS">
          <reporter-output>
          </reporter-output>
        </test-method> <!-- pgScroll -->
        <test-method signature="dragop()[pri:8, instance:testsPackage.CheckBoxHeroku@7d8995e]" started-at="2026-01-13T19:48:26 IST" name="dragop" finished-at="2026-01-13T19:48:45 IST" duration-ms="19406" status="PASS">
          <reporter-output>
          </reporter-output>
        </test-method> <!-- dragop -->
        <test-method signature="dropdoun()[pri:9, instance:testsPackage.CheckBoxHeroku@7d8995e]" started-at="2026-01-13T19:48:45 IST" name="dropdoun" finished-at="2026-01-13T19:49:16 IST" duration-ms="30187" status="PASS">
          <reporter-output>
          </reporter-output>
        </test-method> <!-- dropdoun -->
        <test-method is-config="true" signature="endweb()[pri:0, instance:testsPackage.CheckBoxHeroku@7d8995e]" started-at="2026-01-13T19:49:16 IST" name="endweb" finished-at="2026-01-13T19:49:16 IST" duration-ms="96" status="PASS">
          <reporter-output>
          </reporter-output>
        </test-method> <!-- endweb -->
      </class> <!-- testsPackage.CheckBoxHeroku -->
    </test> <!-- Test -->
  </suite> <!-- All Test Suite -->
</testng-results>
