<?xml version="1.0" encoding="UTF-8"?>
<testng-results ignored="0" total="9" passed="9" failed="0" skipped="0">
  <reporter-output>
  </reporter-output>
  <suite started-at="2026-01-13T09:13:45 IST" name="All Test Suite" finished-at="2026-01-13T09:16:21 IST" duration-ms="156823">
    <groups>
    </groups>
    <test started-at="2026-01-13T09:13:45 IST" name="C:/Users/uday1/IdeaProjects/TestNGProjectIJ" finished-at="2026-01-13T09:16:21 IST" duration-ms="156823">
      <class name="testsPackage.CheckBoxHeroku">
        <test-method is-config="true" signature="initBaseTest(org.testng.ITestContext)[pri:0, instance:testsPackage.CheckBoxHeroku@459e9125]" started-at="2026-01-13T09:13:45 IST" name="initBaseTest" finished-at="2026-01-13T09:13:51 IST" duration-ms="6338" status="PASS">
          <params>
            <param index="0">
              <value>
                <![CDATA[org.testng.TestRunner@6badba10]]>
              </value>
            </param>
          </params>
          <reporter-output>
          </reporter-output>
        </test-method> <!-- initBaseTest -->
        <test-method is-config="true" signature="setcheck()[pri:0, instance:testsPackage.CheckBoxHeroku@459e9125]" started-at="2026-01-13T09:13:51 IST" name="setcheck" finished-at="2026-01-13T09:13:51 IST" duration-ms="11" status="PASS">
          <reporter-output>
          </reporter-output>
        </test-method> <!-- setcheck -->
        <test-method signature="checkboxer()[pri:1, instance:testsPackage.CheckBoxHeroku@459e9125]" started-at="2026-01-13T09:13:51 IST" name="checkboxer" finished-at="2026-01-13T09:14:08 IST" duration-ms="17020" status="PASS">
          <reporter-output>
          </reporter-output>
        </test-method> <!-- checkboxer -->
        <test-method signature="addelement()[pri:2, instance:testsPackage.CheckBoxHeroku@459e9125]" started-at="2026-01-13T09:14:08 IST" name="addelement" finished-at="2026-01-13T09:14:21 IST" duration-ms="13084" status="PASS">
          <reporter-output>
          </reporter-output>
        </test-method> <!-- addelement -->
        <test-method signature="basicauthor()[pri:3, instance:testsPackage.CheckBoxHeroku@459e9125]" started-at="2026-01-13T09:14:21 IST" name="basicauthor" finished-at="2026-01-13T09:14:31 IST" duration-ms="10064" status="PASS">
          <reporter-output>
          </reporter-output>
        </test-method> <!-- basicauthor -->
        <test-method signature="elemDisappear()[pri:4, instance:testsPackage.CheckBoxHeroku@459e9125]" started-at="2026-01-13T09:14:31 IST" name="elemDisappear" finished-at="2026-01-13T09:14:47 IST" duration-ms="15372" status="PASS">
          <reporter-output>
          </reporter-output>
        </test-method> <!-- elemDisappear -->
        <test-method signature="authForm()[pri:5, instance:testsPackage.CheckBoxHeroku@459e9125]" started-at="2026-01-13T09:14:47 IST" name="authForm" finished-at="2026-01-13T09:15:08 IST" duration-ms="21108" status="PASS">
          <reporter-output>
          </reporter-output>
        </test-method> <!-- authForm -->
        <test-method signature="ipForm()[pri:6, instance:testsPackage.CheckBoxHeroku@459e9125]" started-at="2026-01-13T09:15:08 IST" name="ipForm" finished-at="2026-01-13T09:15:26 IST" duration-ms="18284" status="PASS">
          <reporter-output>
          </reporter-output>
        </test-method> <!-- ipForm -->
        <test-method signature="pgScroll()[pri:7, instance:testsPackage.CheckBoxHeroku@459e9125]" started-at="2026-01-13T09:15:26 IST" name="pgScroll" finished-at="2026-01-13T09:15:46 IST" duration-ms="20352" status="PASS">
          <reporter-output>
          </reporter-output>
        </test-method> <!-- pgScroll -->
        <test-method signature="dragop()[pri:8, instance:testsPackage.CheckBoxHeroku@459e9125]" started-at="2026-01-13T09:15:46 IST" name="dragop" finished-at="2026-01-13T09:16:02 IST" duration-ms="15403" status="PASS">
          <reporter-output>
          </reporter-output>
        </test-method> <!-- dragop -->
        <test-method signature="dropdoun()[pri:9, instance:testsPackage.CheckBoxHeroku@459e9125]" started-at="2026-01-13T09:16:02 IST" name="dropdoun" finished-at="2026-01-13T09:16:21 IST" duration-ms="19407" status="PASS">
          <reporter-output>
          </reporter-output>
        </test-method> <!-- dropdoun -->
        <test-method is-config="true" signature="endweb()[pri:0, instance:testsPackage.CheckBoxHeroku@459e9125]" started-at="2026-01-13T09:16:21 IST" name="endweb" finished-at="2026-01-13T09:16:21 IST" duration-ms="128" status="PASS">
          <reporter-output>
          </reporter-output>
        </test-method> <!-- endweb -->
      </class> <!-- testsPackage.CheckBoxHeroku -->
    </test> <!-- C:/Users/uday1/IdeaProjects/TestNGProjectIJ -->
  </suite> <!-- All Test Suite -->
</testng-results>
