<?xml version="1.0" encoding="UTF-8"?>
<!-- Generated by org.testng.reporters.JUnitReportReporter -->
<testsuite hostname="uday18mega" failures="0" tests="9" name="testsPackage.CheckBoxHeroku" time="150.094" errors="0" timestamp="2026-01-13T09:16:23 IST" skipped="0">
  <testcase classname="testsPackage.CheckBoxHeroku" name="checkboxer" time="17.020"/>
  <testcase classname="testsPackage.CheckBoxHeroku" name="addelement" time="13.084"/>
  <testcase classname="testsPackage.CheckBoxHeroku" name="basicauthor" time="10.064"/>
  <testcase classname="testsPackage.CheckBoxHeroku" name="elemDisappear" time="15.372"/>
  <testcase classname="testsPackage.CheckBoxHeroku" name="authForm" time="21.108"/>
  <testcase classname="testsPackage.CheckBoxHeroku" name="ipForm" time="18.284"/>
  <testcase classname="testsPackage.CheckBoxHeroku" name="pgScroll" time="20.352"/>
  <testcase classname="testsPackage.CheckBoxHeroku" name="dragop" time="15.403"/>
  <testcase classname="testsPackage.CheckBoxHeroku" name="dropdoun" time="19.407"/>
</testsuite> <!-- testsPackage.CheckBoxHeroku -->
