<?xml version="1.0" encoding="UTF-8"?>
<!-- Generated by org.testng.reporters.JUnitReportReporter -->
<testsuite hostname="uday18mega" failures="0" tests="9" name="testsPackage.CheckBoxHeroku" time="199.427" errors="0" timestamp="2026-01-13T19:49:17 IST" skipped="0">
  <testcase classname="testsPackage.CheckBoxHeroku" name="checkboxer" time="22.272"/>
  <testcase classname="testsPackage.CheckBoxHeroku" name="addelement" time="16.821"/>
  <testcase classname="testsPackage.CheckBoxHeroku" name="basicauthor" time="13.234"/>
  <testcase classname="testsPackage.CheckBoxHeroku" name="elemDisappear" time="21.410"/>
  <testcase classname="testsPackage.CheckBoxHeroku" name="authForm" time="27.203"/>
  <testcase classname="testsPackage.CheckBoxHeroku" name="ipForm" time="22.426"/>
  <testcase classname="testsPackage.CheckBoxHeroku" name="pgScroll" time="26.468"/>
  <testcase classname="testsPackage.CheckBoxHeroku" name="dragop" time="19.406"/>
  <testcase classname="testsPackage.CheckBoxHeroku" name="dropdoun" time="30.187"/>
</testsuite> <!-- testsPackage.CheckBoxHeroku -->
